C:\USERS\MANWLIS\DOCUMENTS\GITHUB\PROJECT_2014\PROJECT2014\DEBUG\MAIN.OBJ
C:\USERS\MANWLIS\DOCUMENTS\GITHUB\PROJECT_2014\PROJECT2014\DEBUG\VC110.PDB
C:\USERS\MANWLIS\DOCUMENTS\GITHUB\PROJECT_2014\PROJECT2014\DEBUG\PROJECT2014.ILK
C:\USERS\MANWLIS\DOCUMENTS\GITHUB\PROJECT_2014\PROJECT2014\DEBUG\PROJECT2014.EXE
C:\USERS\MANWLIS\DOCUMENTS\GITHUB\PROJECT_2014\PROJECT2014\DEBUG\PROJECT2014.PDB
C:\Users\manwlis\Documents\GitHub\project_2014\project2014\Debug\main.obj
C:\Users\manwlis\Documents\GitHub\project_2014\project2014\Debug\project2014.ilk
C:\Users\manwlis\Documents\GitHub\project_2014\project2014\Debug\cl.command.1.tlog
C:\Users\manwlis\Documents\GitHub\project_2014\project2014\Debug\CL.read.1.tlog
C:\Users\manwlis\Documents\GitHub\project_2014\project2014\Debug\CL.write.1.tlog
C:\Users\manwlis\Documents\GitHub\project_2014\project2014\Debug\link-cvtres.read.1.tlog
C:\Users\manwlis\Documents\GitHub\project_2014\project2014\Debug\link-cvtres.write.1.tlog
C:\Users\manwlis\Documents\GitHub\project_2014\project2014\Debug\link-rc.read.1.tlog
C:\Users\manwlis\Documents\GitHub\project_2014\project2014\Debug\link-rc.write.1.tlog
C:\Users\manwlis\Documents\GitHub\project_2014\project2014\Debug\link.command.1.tlog
C:\Users\manwlis\Documents\GitHub\project_2014\project2014\Debug\link.read.1.tlog
C:\Users\manwlis\Documents\GitHub\project_2014\project2014\Debug\link.write.1.tlog
C:\Users\manwlis\Documents\GitHub\project_2014\project2014\Debug\vc110.idb
C:\Users\manwlis\Documents\GitHub\project_2014\project2014\Debug\project2014.pdb
C:\Users\manwlis\Documents\GitHub\project_2014\project2014\Debug\vc110.pdb
C:\Users\manwlis\Documents\GitHub\project_2014\project2014\Debug\project2014.exe
