Build started 30-Nov-14 9:04:42 PM.
     1>Project "C:\Users\manwlis\Documents\GitHub\project_2014\project2014\project2014.vcxproj" on node 2 (Build target(s)).
     1>ClCompile:
         C:\Program Files (x86)\Microsoft Visual Studio 11.0\VC\bin\CL.exe /c /Zi /nologo /W3 /WX- /O2 /Oi /Oy- /GL /D WIN32 /D NDEBUG /D _CONSOLE /D _UNICODE /D UNICODE /Gm- /EHsc /MD /GS /Gy /fp:precise /Zc:wchar_t /Zc:forScope /Fo"Release\\" /Fd"Release\vc110.pdb" /Gd /TC /analyze- /errorReport:prompt main.c
         main.c
     1>c:\users\manwlis\documents\github\project_2014\project2014\hex.h(13): warning C4244: '=' : conversion from 'double' to 'int', possible loss of data
     1>c:\users\manwlis\documents\github\project_2014\project2014\hex.h(15): warning C4244: '=' : conversion from 'double' to 'int', possible loss of data
     1>c:\users\manwlis\documents\github\project_2014\project2014\hex.h(17): warning C4244: '=' : conversion from 'double' to 'int', possible loss of data
     1>c:\users\manwlis\documents\github\project_2014\project2014\hex.h(19): warning C4244: '=' : conversion from 'double' to 'int', possible loss of data
     1>c:\users\manwlis\documents\github\project_2014\project2014\hex.h(21): warning C4244: '=' : conversion from 'double' to 'int', possible loss of data
     1>c:\users\manwlis\documents\github\project_2014\project2014\hex.h(23): warning C4244: '=' : conversion from 'double' to 'int', possible loss of data
     1>c:\users\manwlis\documents\github\project_2014\project2014\hex.h(25): warning C4244: '=' : conversion from 'double' to 'int', possible loss of data
     1>c:\users\manwlis\documents\github\project_2014\project2014\hex.h(27): warning C4244: '=' : conversion from 'double' to 'int', possible loss of data
     1>c:\users\manwlis\documents\github\project_2014\project2014\hex.h(29): warning C4244: '=' : conversion from 'double' to 'int', possible loss of data
     1>c:\users\manwlis\documents\github\project_2014\project2014\hex.h(31): warning C4244: '=' : conversion from 'double' to 'int', possible loss of data
     1>c:\users\manwlis\documents\github\project_2014\project2014\hex.h(33): warning C4244: '=' : conversion from 'double' to 'int', possible loss of data
     1>c:\users\manwlis\documents\github\project_2014\project2014\hex.h(35): warning C4244: '=' : conversion from 'double' to 'int', possible loss of data
     1>c:\users\manwlis\documents\github\project_2014\project2014\hex.h(37): warning C4244: '=' : conversion from 'double' to 'int', possible loss of data
     1>c:\users\manwlis\documents\github\project_2014\project2014\hex.h(39): warning C4244: '=' : conversion from 'double' to 'int', possible loss of data
     1>c:\users\manwlis\documents\github\project_2014\project2014\hex.h(41): warning C4244: '=' : conversion from 'double' to 'int', possible loss of data
     1>c:\users\manwlis\documents\github\project_2014\project2014\hex.h(43): warning C4244: '=' : conversion from 'double' to 'int', possible loss of data
     1>main.c(25): warning C4996: 'scanf': This function or variable may be unsafe. Consider using scanf_s instead. To disable deprecation, use _CRT_SECURE_NO_WARNINGS. See online help for details.
                 C:\Program Files (x86)\Microsoft Visual Studio 11.0\VC\include\stdio.h(290) : see declaration of 'scanf'
     1>main.c(27): warning C4996: 'fopen': This function or variable may be unsafe. Consider using fopen_s instead. To disable deprecation, use _CRT_SECURE_NO_WARNINGS. See online help for details.
                 C:\Program Files (x86)\Microsoft Visual Studio 11.0\VC\include\stdio.h(218) : see declaration of 'fopen'
     1>main.c(29): warning C4996: 'fopen': This function or variable may be unsafe. Consider using fopen_s instead. To disable deprecation, use _CRT_SECURE_NO_WARNINGS. See online help for details.
                 C:\Program Files (x86)\Microsoft Visual Studio 11.0\VC\include\stdio.h(218) : see declaration of 'fopen'
     1>main.c(30): warning C4996: 'fopen': This function or variable may be unsafe. Consider using fopen_s instead. To disable deprecation, use _CRT_SECURE_NO_WARNINGS. See online help for details.
                 C:\Program Files (x86)\Microsoft Visual Studio 11.0\VC\include\stdio.h(218) : see declaration of 'fopen'
     1>main.c(31): warning C4996: 'fopen': This function or variable may be unsafe. Consider using fopen_s instead. To disable deprecation, use _CRT_SECURE_NO_WARNINGS. See online help for details.
                 C:\Program Files (x86)\Microsoft Visual Studio 11.0\VC\include\stdio.h(218) : see declaration of 'fopen'
     1>main.c(32): warning C4996: 'fopen': This function or variable may be unsafe. Consider using fopen_s instead. To disable deprecation, use _CRT_SECURE_NO_WARNINGS. See online help for details.
                 C:\Program Files (x86)\Microsoft Visual Studio 11.0\VC\include\stdio.h(218) : see declaration of 'fopen'
     1>main.c(33): warning C4996: 'fopen': This function or variable may be unsafe. Consider using fopen_s instead. To disable deprecation, use _CRT_SECURE_NO_WARNINGS. See online help for details.
                 C:\Program Files (x86)\Microsoft Visual Studio 11.0\VC\include\stdio.h(218) : see declaration of 'fopen'
     1>main.c(34): warning C4996: 'fopen': This function or variable may be unsafe. Consider using fopen_s instead. To disable deprecation, use _CRT_SECURE_NO_WARNINGS. See online help for details.
                 C:\Program Files (x86)\Microsoft Visual Studio 11.0\VC\include\stdio.h(218) : see declaration of 'fopen'
     1>main.c(35): warning C4996: 'fopen': This function or variable may be unsafe. Consider using fopen_s instead. To disable deprecation, use _CRT_SECURE_NO_WARNINGS. See online help for details.
                 C:\Program Files (x86)\Microsoft Visual Studio 11.0\VC\include\stdio.h(218) : see declaration of 'fopen'
     1>main.c(58): warning C4996: 'scanf': This function or variable may be unsafe. Consider using scanf_s instead. To disable deprecation, use _CRT_SECURE_NO_WARNINGS. See online help for details.
                 C:\Program Files (x86)\Microsoft Visual Studio 11.0\VC\include\stdio.h(290) : see declaration of 'scanf'
     1>main.c(65): warning C4996: 'scanf': This function or variable may be unsafe. Consider using scanf_s instead. To disable deprecation, use _CRT_SECURE_NO_WARNINGS. See online help for details.
                 C:\Program Files (x86)\Microsoft Visual Studio 11.0\VC\include\stdio.h(290) : see declaration of 'scanf'
     1>main.c(71): warning C4996: 'scanf': This function or variable may be unsafe. Consider using scanf_s instead. To disable deprecation, use _CRT_SECURE_NO_WARNINGS. See online help for details.
                 C:\Program Files (x86)\Microsoft Visual Studio 11.0\VC\include\stdio.h(290) : see declaration of 'scanf'
     1>main.c(19): warning C4101: 'h' : unreferenced local variable
       Link:
         C:\Program Files (x86)\Microsoft Visual Studio 11.0\VC\bin\link.exe /ERRORREPORT:PROMPT /OUT:"C:\Users\manwlis\Documents\GitHub\project_2014\project2014\Release\project2014.exe" /INCREMENTAL:NO /NOLOGO kernel32.lib user32.lib gdi32.lib winspool.lib comdlg32.lib advapi32.lib shell32.lib ole32.lib oleaut32.lib uuid.lib odbc32.lib odbccp32.lib /MANIFEST /MANIFESTUAC:"level='asInvoker' uiAccess='false'" /manifest:embed /DEBUG /PDB:"C:\Users\manwlis\Documents\GitHub\project_2014\project2014\Release\project2014.pdb" /SUBSYSTEM:CONSOLE /OPT:REF /OPT:ICF /LTCG /TLBID:1 /DYNAMICBASE /NXCOMPAT /IMPLIB:"C:\Users\manwlis\Documents\GitHub\project_2014\project2014\Release\project2014.lib" /MACHINE:X86 /SAFESEH Release\main.obj
         Generating code
         Finished generating code
         project2014.vcxproj -> C:\Users\manwlis\Documents\GitHub\project_2014\project2014\Release\project2014.exe
     1>Done Building Project "C:\Users\manwlis\Documents\GitHub\project_2014\project2014\project2014.vcxproj" (Build target(s)).

Build succeeded.

Time Elapsed 00:00:01.95
